<?xml version="1.0" encoding="UTF-8"?>
<!-- Generated by org.testng.reporters.JUnitReportReporter -->
<testsuite hostname="LAPTOP-3ROFK3CM" name="X.DriverClass" tests="1" failures="0" timestamp="9 Mar 2018 19:47:06 GMT" time="197.986" errors="0">
  <testcase name="driverMethod" time="197.986" classname="X.DriverClass"/>
</testsuite> <!-- X.DriverClass -->
