<?xml version="1.0" encoding="UTF-8"?>
<!-- Generated by org.testng.reporters.JUnitReportReporter -->
<testsuite hostname="IN5CG4525JV9" name="comPackage.DriverClass" tests="1" failures="0" timestamp="11 Mar 2019 11:02:10 GMT" time="36.523" errors="0">
  <testcase name="driverMethod" time="36.523" classname="comPackage.DriverClass"/>
</testsuite> <!-- comPackage.DriverClass -->
