<?xml version="1.0" encoding="UTF-8"?>
<!-- Generated by org.testng.reporters.JUnitReportReporter -->
<testsuite hostname="IN5CG4525JV9" name="comPackage2.DriverClass" tests="1" failures="0" timestamp="9 Mar 2019 08:26:30 GMT" time="29.285" errors="0">
  <testcase name="driverMethod" time="29.285" classname="comPackage2.DriverClass"/>
</testsuite> <!-- comPackage2.DriverClass -->
