<?xml version="1.0" encoding="UTF-8"?>
<!-- Generated by org.testng.reporters.JUnitReportReporter -->
<testsuite hostname="LAPTOP-3ROFK3CM" failures="0" tests="1" name="comPackage.DriverClass2" time="100.352" errors="0" timestamp="15 Mar 2018 18:29:12 GMT">
  <testcase classname="comPackage.DriverClass2" name="driverMethod" time="100.352"/>
</testsuite> <!-- comPackage.DriverClass2 -->
